c:\users\45421\desktop\fivem_trashexec-master\fiveexec\fiveexec\x64\release\cmd executor.pch
c:\users\45421\desktop\fivem_trashexec-master\fiveexec\fiveexec\x64\release\vc142.pdb
c:\users\45421\desktop\fivem_trashexec-master\fiveexec\fiveexec\x64\release\pch.obj
c:\users\45421\desktop\fivem_trashexec-master\fiveexec\fiveexec\x64\release\vfsstream.obj
c:\users\45421\desktop\fivem_trashexec-master\fiveexec\fiveexec\x64\release\vfsmanager.obj
c:\users\45421\desktop\fivem_trashexec-master\fiveexec\fiveexec\x64\release\vfsdevice.obj
c:\users\45421\desktop\fivem_trashexec-master\fiveexec\fiveexec\x64\release\eventcore.obj
c:\users\45421\desktop\fivem_trashexec-master\fiveexec\fiveexec\x64\release\dllmain.obj
c:\users\snobbe\desktop\fivem lua executor by !dream#9999\fiveexec\fiveexec\x64\release\cmd executor.pch
c:\users\snobbe\desktop\fivem lua executor by !dream#9999\fiveexec\fiveexec\x64\release\vc143.pdb
c:\users\snobbe\desktop\fivem lua executor by !dream#9999\fiveexec\fiveexec\x64\release\pch.obj
c:\users\snobbe\desktop\fivem lua executor by !dream#9999\fiveexec\fiveexec\x64\release\vfsstream.obj
c:\users\snobbe\desktop\fivem lua executor by !dream#9999\fiveexec\fiveexec\x64\release\vfsmanager.obj
c:\users\snobbe\desktop\fivem lua executor by !dream#9999\fiveexec\fiveexec\x64\release\vfsdevice.obj
c:\users\snobbe\desktop\fivem lua executor by !dream#9999\fiveexec\fiveexec\x64\release\eventcore.obj
c:\users\snobbe\desktop\fivem lua executor by !dream#9999\fiveexec\fiveexec\x64\release\dllmain.obj
c:\users\45421\desktop\fivem_trashexec-master\fiveexec\x64\release\cmd executor.lib
c:\users\45421\desktop\fivem_trashexec-master\fiveexec\x64\release\cmd executor.exp
c:\users\45421\desktop\fivem_trashexec-master\fiveexec\x64\release\cmd executor.ipdb
c:\users\45421\desktop\fivem_trashexec-master\fiveexec\x64\release\cmd executor.iobj
c:\users\45421\desktop\fivem_trashexec-master\fiveexec\x64\release\cmd executor.dll
c:\users\45421\desktop\fivem_trashexec-master\fiveexec\x64\release\cmd executor.pdb
c:\users\snobbe\desktop\fivem lua executor by !dream#9999\fiveexec\x64\release\cmd executor.dll
c:\users\snobbe\desktop\fivem lua executor by !dream#9999\fiveexec\fiveexec\x64\release\cmd executor.ipdb
c:\users\snobbe\desktop\fivem lua executor by !dream#9999\fiveexec\x64\release\cmd executor.pdb
c:\users\snobbe\desktop\fivem lua executor by !dream#9999\fiveexec\fiveexec\x64\release\cmd executor.iobj
c:\users\snobbe\desktop\fivem lua executor by !dream#9999\fiveexec\x64\release\cmd executor.lib
c:\users\snobbe\desktop\fivem lua executor by !dream#9999\fiveexec\x64\release\cmd executor.exp
c:\users\snobbe\desktop\fivem lua executor by !dream#9999\fiveexec\x64\release\cmd executor.ipdb
c:\users\snobbe\desktop\fivem lua executor by !dream#9999\fiveexec\x64\release\cmd executor.iobj
c:\users\snobbe\desktop\fivem lua executor by !dream#9999\fiveexec\fiveexec\x64\release\fiveexec.pch
c:\users\snobbe\desktop\fivem lua executor by !dream#9999\fiveexec\fiveexec\x64\release\vc142.pdb
c:\users\snobbe\desktop\fivem lua executor by !dream#9999\fiveexec\fiveexec\x64\release\cmd executor.tlog\cl.command.1.tlog
c:\users\snobbe\desktop\fivem lua executor by !dream#9999\fiveexec\fiveexec\x64\release\cmd executor.tlog\cl.read.1.tlog
c:\users\snobbe\desktop\fivem lua executor by !dream#9999\fiveexec\fiveexec\x64\release\cmd executor.tlog\cl.write.1.tlog
c:\users\snobbe\desktop\fivem lua executor by !dream#9999\fiveexec\fiveexec\x64\release\cmd executor.tlog\cmd executor.write.1u.tlog
c:\users\snobbe\desktop\fivem lua executor by !dream#9999\fiveexec\fiveexec\x64\release\cmd executor.tlog\link.command.1.tlog
c:\users\snobbe\desktop\fivem lua executor by !dream#9999\fiveexec\fiveexec\x64\release\cmd executor.tlog\link.read.1.tlog
c:\users\snobbe\desktop\fivem lua executor by !dream#9999\fiveexec\fiveexec\x64\release\cmd executor.tlog\link.write.1.tlog
c:\users\snobbe\desktop\fivem lua executor by !dream#9999\fiveexec\fiveexec\x64\release\cmd executor.tlog\link.write.2u.tlog
